Q96MG2	Complete proteome	1
 Rotamase	1
 Citrullination	5
Q2NL68	Alternative splicing	1
Q5D862	Calcium	1
 DNA repair	4
Q16630	3D-structure	1
 Exocytosis	1
Q9UDT6	3D-structure	1
P0CW27	Coiled coil	1
Q8NEP4	Complete proteome	1
 Glaucoma	1
Q53EZ4	3D-structure	1
P20810	Acetylation	1
 ATP-binding	1
O15117	3D-structure	1
Q8IYB3	3D-structure	1
Q6VMQ6	3D-structure	1
 Mental retardation	7
Q6ZN01	Activator	1
Q8N6L0	Chromosome	1
 Sensory transduction	2
Q969E4	Complete proteome	1
 Mitosis	16
 Cell junction	14
Q8IZU1	Complete proteome	1
Q86T75	Alternative splicing	1
 Ubl conjugation pathway	3
Q86TE4	Alternative splicing	1
O95229	Alternative splicing	1
 Disulfide bond	14
 Golgi apparatus	28
Q96RK0	3D-structure	1
Q9H0G5	Coiled coil	1
 Transcription	46
P0DJG4	Complete proteome	1
O75807	3D-structure	1
 Tumor antigen
	1
Q9BYW2	3D-structure	1
Q0P6D6	Coiled coil	1
Q15025	Alternative splicing	1
Q86VM9	Acetylation	1
P23327	Calcium	1
Q8WXA9	Alternative splicing	1
Q96Q35	Acetylation	1
A7E2F4	Alternative splicing	1
Q4V328	Acetylation	1
A8MX19	Complete proteome	1
Q0VD83	Alternative splicing	1
Q6ZUS6	Alternative splicing	1
 LIM domain	2
Q9H0E3	Acetylation	1
 Redox-active center	1
 Growth regulation	1
P51816	Alternative splicing	1
Q9P206	Alternative splicing	1
Q8N3K9	Coiled coil	1
Q86VQ1	Coiled coil	1
 Repressor	15
Q9Y2W2	Acetylation	1
P20930	3D-structure	1
 Actin-binding	8
 Myristate	6
Q96KC9	Calcium	1
 Autophagy	2
Q8TBZ0	Alternative splicing	1
Q8IVE0	Coiled coil	1
Q3V6T2	Alternative splicing	1
Q9ULV3	Alternative splicing	1
Q9ULD2	Alternative splicing	1
Q96F05	Cell membrane	1
 Tumor suppressor	3
O95503	3D-structure	1
Q5JRC9	Complete proteome	1
 Zinc
	3
Q494V2	Alternative splicing	1
Q96JN2	Alternative splicing	1
Q13875	Alternative splicing	1
Q5VSY0	Alternative splicing	1
A6NC57	ANK repeat	1
Q5H9L2	Complete proteome	1
Q9BSW2	Adaptive immunity	1
Q9Y2D8	Alternative splicing	1
A6NI86	Coiled coil	1
P0C7W9	Complete proteome	1
A6NIJ5	Complete proteome	1
Q9Y228	Alternative splicing	1
 Transmembrane helix	3
 DNA recombination	1
O75459	Complete proteome	1
O75363	Alternative splicing	1
I3L273	Complete proteome	1
Q9P2M7	Acetylation	1
Q5T9S5	Alternative splicing	1
Q5VU43	Alternative splicing	1
Q14978	ATP-binding	1
Q96QF7	Complete proteome	1
Q9NZP6	Complete proteome	1
Q02952	Alternative splicing	1
 Cilium	11
Q01850	Coiled coil	1
 DNA damage	6
 Chromosome partition	2
Q9BXM0	3D-structure	1
Q15276	3D-structure	1
Q8NCY6	Coiled coil	1
 Isopeptide bond	40
Q8IYE0	Alternative splicing	1
Q8NG31	3D-structure	1
Q8IVF6	ANK repeat	1
 Wnt signaling pathway
	4
Q6ZUT6	Alternative splicing	1
Q9C099	Alternative splicing	1
 Phosphoprotein	279
Q9Y592	Alternative splicing	1
Q641Q2	Alternative splicing	1
P82970	Chromatin regulator	1
Q6NUN7	Alternative splicing	1
O95359	Alternative splicing	1
A5YM69	Complete proteome	1
Q16204	Acetylation	1
Q1ED39	Complete proteome	1
A6NL46	Complete proteome	1
 Amidation	1
 Repeat	47
 Myofibrillar myopathy	1
Q8TD10	Alternative splicing	1
 Senior-Loken syndrome
	1
Q3MJ40	Alternative splicing	1
Q15431	Cell cycle	1
Q05D60	Alternative splicing	1
Q5T655	Cell projection	1
Q02817	Autocatalytic cleavage	1
Q7Z2K8	Alternative splicing	1
Q9NQS7	3D-structure	1
Q8N9W4	Alternative splicing	1
Q8N8E3	Alternative splicing	1
Q86XN7	Acetylation	1
 Endocytosis	3
 Nephronophthisis	3
A0MZ66	Acetylation	1
Q9ULK2	Alternative splicing	1
P10636	3D-structure	1
P0C7W6	Coiled coil	1
 Dystonia	1
 Ubl conjugation
	31
Q9H7C4	Alternative splicing	1
 Alternative promoter usage	2
Q5TB80	Alternative splicing	1
Q5QJ38	Complete proteome	1
 Translation regulation	2
 Dejerine-Sottas syndrome	1
 Oogenesis	1
Q6ZP82	Alternative splicing	1
O43719	3D-structure	1
Q15007	Acetylation	1
Q7Z3E2	Acetylation	1
Q8N7P7	Complete proteome	1
Q96M83	Alternative splicing	1
Q86V48	Acetylation	1
 Activator	8
P49756	3D-structure	1
 Immunoglobulin domain	1
Q5M9N0	Alternative splicing	1
Q9NYA3	Coiled coil	1
P0CAP1	3D-structure	1
 Dynein	1
Q9BT92	Apoptosis	1
P61129	Coiled coil	1
B3KS81	Complete proteome	1
Q9H307	Acetylation	1
 Proteomics identification	1
Q3MIW9	Alternative splicing	1
I6L899	Alternative splicing	1
 Alternative splicing	110
Q96KP6	Alternative splicing	1
 GTP-binding	1
 Mitochondrion outer membrane	1
 Meiosis	3
Q96MT8	Acetylation	1
Q8TF01	Alternative splicing	1
 Sexual differentiation	2
Q8NDX5	3D-structure	1
 Chromatin regulator	7
 Osteopetrosis	1
Q8IYA2	Coiled coil	1
Q9NS56	Alternative splicing	1
 Sialic acid	1
Q2TAC2	Alternative splicing	1
A6NEE1	Coiled coil	1
E7EW31	Complete proteome	1
Q8IYY4	Alternative splicing	1
 Triplet repeat expansion	1
Q8N6V9	Alternative splicing	1
Q5QJE6	Coiled coil	1
 Zinc-finger	2
Q5VVM6	Alternative splicing	1
Q96JE9	Alternative splicing	1
 Sarcoplasmic reticulum
	2
Q6JBY9	Alternative splicing	1
Q96CB8	Complete proteome	1
Q5VYM1	Alternative splicing	1
Q6ZRK6	Alternative splicing	1
Q5T5S1	Alternative splicing	1
Q9H3H9	Complete proteome	1
A4FU49	Alternative splicing	1
Q5TZA2	Alternative splicing	1
Q69YQ0	Alternative splicing	1
 Hyaluronic acid	1
 Cytoplasmic vesicle	9
 Cell adhesion	2
O75410	Acetylation	1
Q5BJF6	Alternative splicing	1
Q8WVC0	3D-structure	1
Q9UHL3	Complete proteome	1
Q9UFE4	Alternative splicing	1
 rRNA processing
	1
Q9NUD7	Coiled coil	1
 ADP-ribosylation	2
 Cell projection	23
 Transcription regulation	17
 Transport
	17
 Spliceosome	3
Q08379	3D-structure	1
Q9H1E3	Alternative splicing	1
Q9UJC3	Acetylation	1
Q8N6Y0	Alternative splicing	1
I3L3R5	Complete proteome	1
 Ubl conjugation	14
Q9BXL5	Complete proteome	1
O14513	Alternative splicing	1
Q6ZU80	Alternative splicing	1
 Transcription regulation
	29
Q8N0S2	Alternative splicing	1
Q96N16	Alternative splicing	1
Q8NEH6	Coiled coil	1
Q12799	Alternative splicing	1
A6NEM1	Alternative splicing	1
Q6ZUS5	Alternative splicing	1
 Gap junction	1
 Amyotrophic lateral sclerosis	2
Q9H7N4	Complete proteome	1
Q9NNX1	Alternative splicing	1
D6RF30	Coiled coil	1
 Zinc	27
A6NDN3	Coiled coil	1
Q9H2D6	Actin-binding	1
 Lissencephaly	1
O14598	Complete proteome	1
A0A044PY82	Coiled coil	1
 Cleavage on pair of basic residues	2
A6NN73	Coiled coil	1
Q96NL6	Acetylation	1
P78559	Alternative splicing	1
Q8NET4	Complete proteome	1
A6NKC0	Complete proteome	1
Q9BXG8	Coiled coil	1
 DNA replication	2
Q8N7Z2	Coiled coil	1
O94850	Cell membrane	1
Q8NCX0	Alternative splicing	1
Q6P2H3	Alternative splicing	1
Q6TFL3	Alternative splicing	1
 VLDL
	1
 LDL	1
A5D8V7	Alternative splicing	1
Q969V6	3D-structure	1
Q8TD31	Alternative splicing	1
Q6ZMI0	Alternative splicing	1
Q08378	Acetylation	1
Q6IPX3	Alternative splicing	1
 Cardiomyopathy	3
Q14244	Acetylation	1
Q9NXZ1	Complete proteome	1
 Cholesterol metabolism	1
P09493	Acetylation	1
A8MXZ1	Complete proteome	1
 Chylomicron	1
A8MQT2	Alternative splicing	1
 Methyltransferase	1
Q2M329	Coiled coil	1
K7EPK0	Complete proteome	1
Q05682	Actin-binding	1
Q6ZVF9	Complete proteome	1
O60437	3D-structure	1
 Chaperone	1
O15240	Amidation	1
Q6IPM2	Alternative splicing	1
D6REC4	Cell projection	1
Q15714	Alternative splicing	1
P07951	Acetylation	1
P49006	Actin-binding	1
Q8N4Y2	Alternative splicing	1
Q8ND24	Acetylation	1
Q9BWN1	Acetylation	1
Q6ZU35	Complete proteome	1
Q9HCM1	Complete proteome	1
Q5TZJ5	Complete proteome	1
O95931	3D-structure	1
 Extracellular matrix	3
O15234	3D-structure	1
 Protease inhibitor	1
 Tight junction
	3
P45378	Acetylation	1
Q9BW71	Alternative splicing	1
Q8NDH2	Coiled coil	1
Q9Y6A5	Acetylation	1
 Autism spectrum disorder	1
Q658T7	Alternative splicing	1
Q5HY64	Complete proteome	1
 Centromere	8
 Direct protein sequencing	47
 Leber congenital amaurosis	2
Q9H2F9	Coiled coil	1
Q9BUL5	Acetylation	1
Q3B820	Alternative splicing	1
Q0D2H9	Coiled coil	1
Q86VS8	Acetylation	1
Q92805	Coiled coil	1
Q8NF67	Coiled coil	1
Q9UKJ3	Acetylation	1
Q86XR8	3D-structure	1
Q8N9E0	Complete proteome	1
Q8TD16	Acetylation	1
Q6NYC8	Acetylation	1
Q96IZ7	Alternative splicing	1
Q9H321	Alternative splicing	1
Q96HJ3	Alternative splicing	1
Q8IYE1	Cell projection	1
Q86SQ7	Alternative splicing	1
 Vision
	1
P15941	3D-structure	1
 Acetylation	25
P51825	3D-structure	1
A6NHQ4	Complete proteome	1
Q49MG5	Acetylation	1
Q3BBV1	Coiled coil	1
P12270	Acetylation	1
P51608	3D-structure	1
O60732	Alternative splicing	1
B9ZVM9	Coiled coil	1
 Palmoplantar keratoderma	1
Q96BD5	3D-structure	1
Q5VWG9	Acetylation	1
 Cytoplasm	164
A1L443	Complete proteome	1
A8MUU9	Complete proteome	1
P0C7V4	Complete proteome	1
Q8TF74	Actin-binding	1
Q13428	Acetylation	1
O43493	Alternative splicing	1
F8WBI6	Coiled coil	1
D6RGX4	Complete proteome	1
 SH3-binding
	1
P30414	3D-structure	1
P04279	Alternative splicing	1
 Kinetochore	8
Q9NXR1	Alternative splicing	1
 Cell division	21
 Pyrrolidone carboxylic acid	5
Q5VT06	3D-structure	1
Q6PJT7	Acetylation	1
P82094	Alternative splicing	1
Q69YH5	Alternative splicing	1
P84157	Alternative splicing	1
O95817	Acetylation	1
F8WAN1	Coiled coil	1
A6NMD2	Coiled coil	1
Q8NB25	Alternative splicing	1
P53814	3D-structure	1
 Ichthyosis	1
 Oxidation	1
Q96NA2	3D-structure	1
Q92750	Alternative splicing	1
Q96A19	Coiled coil	1
O15231	Alternative splicing	1
Q4G0X9	Alternative splicing	1
 Lipid-binding	3
Q9Y6X0	Acetylation	1
P0CJ92	Coiled coil	1
Q8IWC1	Acetylation	1
Q6ZMV7	Coiled coil	1
Q7L4I2	Acetylation	1
P35663	Complete proteome	1
Q8NCU4	Alternative splicing	1
 Cilium biogenesis/degradation	15
P78364	3D-structure	1
Q4L180	Alternative splicing	1
O95447	Coiled coil	1
Q96K80	Coiled coil	1
Q96LK8	Complete proteome	1
Q2M243	Coiled coil	1
 Palmitate	7
 mRNA processing
	2
Q5VZ66	Alternative splicing	1
A6NNT2	Coiled coil	1
Q5T749	Complete proteome	1
 Transferase
	1
O00515	Basement membrane	1
 Microtubule	22
Q9Y3X0	Coiled coil	1
A6NCC3	Alternative splicing	1
A7MD48	Complete proteome	1
Q96T51	3D-structure	1
 Disease mutation	30
 Secreted	16
Q96EV2	Acetylation	1
E2RYF6	Complete proteome	1
 Telomere	1
 mRNA processing	16
Q86VQ0	Cell projection	1
Q13061	Alternative splicing	1
Q13123	Acetylation	1
 Host-virus interaction	4
Q8N715	Coiled coil	1
Q96M91	Cell projection	1
Q5VTR2	Acetylation	1
Q9UF83	Complete proteome	1
 Inflammatory response	3
Q5BKY9	Alternative splicing	1
H3BSY2	Alternative splicing	1
Q9UBG3	Calcium	1
P54259	Acetylation	1
Q8WXW3	Alternative splicing	1
 Obesity	2
Q6ZUT1	Alternative splicing	1
O75952	Alternative splicing	1
 Glycoprotein	25
Q569K6	Coiled coil	1
 Fungicide	1
Q5M775	Alternative splicing	1
Q9H0M4	3D-structure	1
Q86UU5	Alternative splicing	1
 Cell membrane	25
 Olfaction	1
Q04118	Complete proteome	1
P46013	3D-structure	1
A8MWA6	Complete proteome	1
H3BPF8	Coiled coil	1
Q96EA4	Acetylation	1
 Intermediate filament	1
Q96AA8	Alternative splicing	1
 Neurodegeneration	7
Q5HYW2	Complete proteome	1
Q14093	Complete proteome	1
 Spermatogenesis	6
 Translocation	1
 Stress response	2
 Membrane	69
Q12888	3D-structure	1
P40222	Coiled coil	1
 Tumor suppressor
	3
Q32MZ4	3D-structure	1
H3BQL2	Coiled coil	1
Q8N3V7	Acetylation	1
A6H8Y1	Activator	1
Q9NYF8	Acetylation	1
 Zinc-finger
	25
 Sarcoplasmic reticulum	2
Q9P1V8	Alternative splicing	1
 Nonsense-mediated mRNA decay	1
Q6ZRG5	Complete proteome	1
 Biomineralization	2
 Metal-binding	36
Q9P219	Alternative splicing	1
A6NEW6	Complete proteome	1
 SH3 domain
	3
 Signal-anchor	2
 Ligase	2
B4DH59	Coiled coil	1
Q96CV9	3D-structure	1
 TPR repeat	1
 Protein transport	15
Q14980	3D-structure	1
Q8N998	Coiled coil	1
A8MV72	Complete proteome	1
Q9NNX9	Complete proteome	1
Q86T90	Alternative splicing	1
A6NEY3	Coiled coil	1
 Epilepsy	1
 Bardet-Biedl syndrome	1
Q5T0Z8	Alternative splicing	1
Q13316	Alternative splicing	1
Q8N655	Complete proteome	1
 Cyclosporin	1
 Transmembrane helix
	21
Q8IXK0	Alternative splicing	1
Q5TF21	Coiled coil	1
A6NI56	Alternative splicing	1
Q9UMS6	Actin-binding	1
Q0VF96	Alternative splicing	1
P07476	3D-structure	1
 Sulfation
	1
 Ciliopathy	7
B1AJZ9	Alternative splicing	1
A6NEF3	Coiled coil	1
P13805	Alternative splicing	1
Q9P127	Alternative splicing	1
Q5JU67	Alternative splicing	1
A6NC78	Coiled coil	1
Q3BBW0	Coiled coil	1
O95218	3D-structure	1
Q8IUD2	Acetylation	1
 Apoptosis	6
Q8IVM0	Acetylation	1
Q96M34	Complete proteome	1
Q14781	3D-structure	1
 Atherosclerosis	1
 Leucine-rich repeat	2
Q9UPV0	Alternative splicing	1
 Sterol metabolism	1
 Nucleus	136
P0C7W8	Complete proteome	1
 Protein kinase inhibitor	1
Q3BBV2	Coiled coil	1
Q9BUV0	Alternative splicing	1
Q6ZQX7	Alternative splicing	1
 Postsynaptic cell membrane	1
A6NJQ4	Complete proteome	1
Q9BR77	Alternative splicing	1
 Parkinsonism	2
P49918	Alternative splicing	1
 Nucleotide-binding	3
Q96CN9	Coiled coil	1
Q9NWB6	Alternative splicing	1
Q66GS9	Alternative splicing	1
 Antibiotic	2
 Lysosome	1
 Deafness	3
Q96B01	Alternative splicing	1
Q96DN6	Chromosome	1
P0CG33	Coiled coil	1
Q6P6B1	Alternative splicing	1
 Receptor	1
Q5T0U0	Alternative splicing	1
 Cytoskeleton	92
Q3SY00	Alternative splicing	1
 Chromosome	13
 Growth factor	1
Q68D10	3D-structure	1
 Endoplasmic reticulum	5
Q9ULJ1	Alternative splicing	1
Q7Z4V5	3D-structure	1
A8MZF0	Complete proteome	1
 Antimicrobial	2
 Primary ciliary dyskinesia	3
 Spermatogenesis
	7
Q8IXT2	Alternative splicing	1
Q86YD7	Complete proteome	1
Q8N5Q1	Complete proteome	1
 mRNA transport
	5
Q9H322	Complete proteome	1
 Lipoprotein	14
Q5VU36	Complete proteome	1
Q9NQR7	Coiled coil	1
 Methylation	5
Q68D86	Alternative splicing	1
P23508	Alternative splicing	1
 Calcium transport	1
Q96IZ0	3D-structure	1
 Flagellum	1
Q12815	Alternative splicing	1
Q5T7V8	Alternative splicing	1
A8MUI8	Complete proteome	1
 Prenylation	1
Q0VFZ6	Coiled coil	1
 Ion transport	1
 Charcot-Marie-Tooth disease	1
P98088	Complete proteome	1
 Heterotaxy	1
 Lipid metabolism	1
Q7Z7A1	Alternative splicing	1
Q8TC20	Alternative splicing	1
Q14789	Acetylation	1
 RNA-binding	15
 Williams-Beuren syndrome
	1
Q7Z6B0	3D-structure	1
Q9H5N1	Acetylation	1
 Keratinization	3
Q8TBA6	Acetylation	1
P49321	Acetylation	1
A8MXJ8	Complete proteome	1
Q8IZQ8	Activator	1
P10645	3D-structure	1
 Transmembrane	24
Q5T3I0	Acetylation	1
O14776	3D-structure	1
 Reference proteome
	277
P30622	3D-structure	1
 Synaptosome
	1
 Autocatalytic cleavage	1
Q9UHB7	3D-structure	1
Q96ST8	Alternative splicing	1
A6NNJ1	Complete proteome	1
A8MUA0	Complete proteome	1
O75330	Alternative splicing	1
A6NE21	Complete proteome	1
 Nuclear pore complex	1
Q9NYZ3	Complete proteome	1
 Cell cycle	27
Q9P2B7	Alternative splicing	1
Q86X95	Alternative splicing	1
Q9BZW7	Alternative splicing	1
Q8TBY8	Alternative splicing	1
 Calmodulin-binding	5
 Neuropathy	1
 Lipid transport	1
Q86YF9	Alternative splicing	1
 Signal	12
 Synapse	2
P17677	Alternative splicing	1
O15069	Complete proteome	1
 Nemaline myopathy	3
 Ectodermal dysplasia	1
P45379	3D-structure	1
 Complete proteome	426
P23511	3D-structure	1
Q8IWJ2	3D-structure	1
Q685J3	Alternative splicing	1
Q9H0I3	Alternative splicing	1
 Differentiation	20
Q8NA70	Complete proteome	1
A8K0R7	Alternative splicing	1
 Chromosomal rearrangement	18
Q8ND07	Cell projection	1
Q9UKN1	Alternative splicing	1
 Glycation	1
Q8NEF3	Alternative splicing	1
Q9ULE4	Coiled coil	1
Q9UKV3	Acetylation	1
 Mitochondrion	6
 Autism	1
Q9H6F5	Alternative splicing	1
 Muscle protein	7
Q7Z7B0	Alternative splicing	1
 Neurogenesis	4
A6NC98	Alternative splicing	1
Q86UE4	3D-structure	1
Q5T7N2	3D-structure	1
Q6MZM9	Complete proteome	1
O94913	Acetylation	1
Q8IYT3	Coiled coil	1
Q96G01	Alternative splicing	1
Q8IYF1	Complete proteome	1
A6NNH2	Complete proteome	1
O75152	Acetylation	1
Q9UHB6	3D-structure	1
A6NDY2	Complete proteome	1
Q3KQU3	Alternative splicing	1
O94986	3D-structure	1
O75157	Alternative splicing	1
 Signal
	14
 S-adenosyl-L-methionine	1
A1A5D9	Alternative splicing	1
Q96EI5	Acetylation	1
A6NI79	Coiled coil	1
Q6ZQT0	Complete proteome	1
 Developmental protein	19
P0C7A2	Alternative splicing	1
P27816	Acetylation	1
 Synapse
	1
Q86VQ3	Alternative splicing	1
A2IDD5	Alternative splicing	1
Q8IWF9	Alternative splicing	1
Q5T6C5	Complete proteome	1
A2RUR9	Alternative splicing	1
Q9UL16	Alternative splicing	1
 Tight junction	1
 Proto-oncogene	7
Q9UPN4	Alternative splicing	1
Q07283	Calcium	1
H3BV12	Coiled coil	1
Q9Y6D9	3D-structure	1
 EGF-like domain	2
P04280	Complete proteome	1
Q15075	3D-structure	1
 Transport	11
A6NDB9	ATP-binding	1
P06753	Acetylation	1
 Biological rhythms	1
Q9H320	Complete proteome	1
 Triplet repeat expansion
	1
Q6ZP65	Alternative splicing	1
Q9Y6K9	3D-structure	1
 Secreted
	3
Q9H987	Actin-binding	1
Q02505	Alternative splicing	1
 mRNA splicing
	13
Q07065	Acetylation	1
Q5BJE1	Alternative splicing	1
Q9NUQ3	Alternative splicing	1
 Spinocerebellar ataxia	1
 Non-syndromic deafness	2
Q7Z589	3D-structure	1
O95613	Alternative splicing	1
Q14203	3D-structure	1
 Isomerase	1
Q02383	Complete proteome	1
 Retinitis pigmentosa	2
Q96QH2	Alternative splicing	1
Q5SSG8	Alternative splicing	1
H0YKK7	Coiled coil	1
Q9Y608	Alternative splicing	1
Q5MJ10	Complete proteome	1
Q9NZW4	Biomineralization	1
 DNA-binding	22
 Polymorphism	340
 Coiled coil	219
Q8NFZ5	Alternative splicing	1
A6NDK9	Coiled coil	1
Q96LP2	Coiled coil	1
Q96ST2	Acetylation	1
 Calcium	5
 Endosome	10
Q08AF8	Alternative splicing	1
P80723	Alternative splicing	1
A2A2Z9	ANK repeat	1
O15083	Cell junction	1
 Repeat
	39
Q8N3L3	Coiled coil	1
O00461	Coiled coil	1
A8MZA4	Coiled coil	1
 Primary microcephaly	4
Q9ULL0	Complete proteome	1
 Alzheimer disease	1
 mRNA splicing	3
 Steroid metabolism	1
A6NGH7	Coiled coil	1
Q14BN4	Alternative splicing	1
 Reference proteome	236
Q9ULD9	Alternative splicing	1
O43516	3D-structure	1
Q6ZW33	Coiled coil	1
 Immunity	2
 Dwarfism	5
 Thiol protease inhibitor	1
Q9HCH0	Alternative splicing	1
