 tRNA-binding
	1
 Citrullination	17
 Spermatogenesis
	3
 Proteomics identification	23
 Alternative splicing	26
 Hormone	11
 mRNA transport
	3
 Heme	1
 Lipoprotein	6
 Keratin	39
 Transposable element	3
 Hereditary hemolytic anemia	1
 Meiosis	1
 Chaperone	1
 Exocytosis	1
 Methylation	33
 Calcium transport	1
 Immunity	2
 Mitosis	3
 Vision
	1
 Transport	4
 Chemotaxis	1
Cadmium	1
Cell cycle	2
 RNA-binding	7
Complete proteome	324
 Gastrulation	1
 Amyloidosis	1
 Obesity	1
 Copper	9
 Tissue remodeling
	1
Chaperone	1
 Fungicide	3
 Palmitate	1
 Hypogonadotropic hypogonadism	1
 mRNA processing
	1
 Zinc-finger	1
 Metal-thiolate cluster	12
 Diabetes mellitus	1
 Keratinization	20
 DNA-directed RNA polymerase	1
 Ribonucleoprotein	11
 Nuclease	1
 Transit peptide	6
 Extracellular matrix	2
 Prion	1
 Defensin	15
 Cell cycle	4
 Elliptocytosis	1
 Disulfide bond	80
 Golgi apparatus	5
 Cell adhesion	1
Cell junction	2
 Disease mutation	15
 Heparin-binding	1
 Bence-Jones protein	6
 Osteogenesis	1
 Secreted	74
 mRNA processing	2
 Postsynaptic cell membrane	1
 DNA repair	1
 Protease	1
 Transmembrane	94
 Sulfation
	3
 LIM domain	2
 Ubl conjugation	1
 Lipid transport	1
 Inflammatory response	1
 Signal	16
 Synapse	2
Blood group antigen	1
 CF(0)	1
 Transcription regulation
	2
Alport syndrome	1
 Mitochondrion inner membrane	19
 Hydrogen ion transport	1
 Mental retardation	2
 Immunoglobulin V region	66
 Complete proteome	247
 Repressor	2
 Glycoprotein	43
 Chromosomal rearrangement	2
 Peroxisome	1
 Differentiation	10
Amyloid	3
 Serine protease inhibitor	1
 Endonuclease	1
 Cell membrane	5
 Transit peptide
	3
 GPI-anchor biosynthesis	1
 DNA condensation	2
 Synaptosome
	1
 Signal-anchor	4
 Mitochondrion	35
 rRNA-binding
	1
 Endosome	1
 Selenocysteine	1
 Neurogenesis	1
 Spermatogenesis	2
 Cleavage on pair of basic residues	15
 Gamma-carboxyglutamic acid	1
 Stress response	1
 Amidation	5
 Membrane	105
Apoptosis	1
 Zinc
	15
 Activator	1
 Hydrolase	4
 Ubl conjugation pathway
	2
 Translation regulation	1
 Cytokine	2
 Signal
	109
 Lipid droplet	1
 Potassium	1
 Antiviral defense	1

	5
 Zinc	5
 Nucleosome core	39
 Sarcoplasmic reticulum	1
 Transmembrane helix	14
 Tumor suppressor
	3
 Cardiomyopathy	1
 Monoclonal antibody	1
 Biomineralization	2
 Metal-binding	24
 Cadmium	8
Amidation	3
 Developmental protein	12
 Rotamase
	1
 Amyloid	1
Alternative splicing	56
 Manganese	1
 Innate immunity	1
 Protein transport	2
 Electron transport	12
 Angiogenesis	1
 Cytoplasmic vesicle	5
 Vision	2
 DNA damage	1
Acetylation	42
 Epilepsy	1
 Isopeptide bond	31
Calcium	1
 Wnt signaling pathway
	1
 Growth factor	1
Angiogenesis	1
 Transmembrane helix
	80
 Ribosomal protein	5
 Vasoactive
	1
Bence-Jones protein	16
 Potassium channel	1
 ERV	3
 Zinc-finger
	4
 Protease inhibitor	1
 Transcription	5
 Neurodegeneration	1
 Neuropeptide	7
 mRNA splicing
	2
3D-structure	70
 mRNA capping	1
 Proto-oncogene	1
 Cell shape	1
 Spinocerebellar ataxia	1
 Non-syndromic deafness	1
 Centromere	1
 Direct protein sequencing	121
 Transcription regulation	2
 Repeat	3
 Isomerase	1
 Pharmaceutical	1
 Apoptosis	5
 Retinitis pigmentosa	2
Brugada syndrome	1
 Endoplasmic reticulum	8
 Phosphoprotein	80
 RNA editing	1
 Nucleus	65
 DNA-binding	43
 Polymorphism	147
 cGMP
	2
 Protein kinase inhibitor	2
 Coiled coil	3
 GPI-anchor	5
 Mitochondrion outer membrane	4
 Acetylation	31
 Reference proteome	338
 Ribosomal protein
	5
 Iron	1
 Voltage-gated channel
	1
 Ubl conjugation
	34
 Reference proteome
	233
Coiled coil	11
 Cell projection	2
 Transport
	17
 Antibiotic	12
Cleavage on pair of basic residues	5
 Host-virus interaction	1
 Deafness	3
 Respiratory chain	12
 Cytoplasm	27
 Repeat
	41
ATP synthesis	2
 Receptor	3
 Cytoskeleton	2
 Chromosome	39
Actin-binding	1
Acute phase	2
 Neurotransmitter	2
Antibiotic	11
 Spliceosome	2
 Kinetochore	1
 Cell division	4
 Pyrrolidone carboxylic acid	25
 Immunoglobulin domain	68
Cell membrane	9
 Chondrogenesis	1
 Ion transport	3
 Potassium transport	1
 Sensory transduction	3
 Antimicrobial	23
 Ion channel	1
 HDL	2
 Diamond-Blackfan anemia	3
Chromosome	3
Alternative initiation	1
