 Necrosis	9
 Proteasome	53
 Hemostasis	47
 DNA replication inhibitor	2
 Senior-Loken syndrome	4
 Growth arrest	16
Bile acid catabolism	1
 Biotin	5
 DNA repair	281
 Thioester bond	1
 Exocytosis	65
 cGMP
	12
 Quinone	3
 ANK repeat	66
 Emery-Dreifuss muscular dystrophy	5
 Vitamin A
	8
 Innate immunity	232
 Serine protease	134
Biomineralization	6
 Serine/threonine-protein kinase	391
 Ectodermal dysplasia	41
 Tissue remodeling
	1
 Rotamase	22
 Atrial septal defect	7
 Complement pathway	29
 FMN	20
Chaperone	33
 Hypogonadotropic hypogonadism	27
Bence-Jones protein	27
 Sensory transduction	593
 Thick filament
	13
 Tryptophan catabolism
	4
 Gangliosidosis	5
 Mitosis	249
 Cell junction	541
 Ribonucleoprotein	268
 Topoisomerase
	1
 Thyroid hormone	2
 RNA-mediated gene silencing	49
 Niemann-Pick disease	3
 Protein phosphatase inhibitor	29
 Bernard Soulier syndrome	3
 Lithium	4
 Disulfide bond	3375
 Golgi apparatus	791
 Transducer
	44
 Sulfation
	23
 cGMP-binding
	9
 Tumor antigen
	24
Biological rhythms	11
 Heparin-binding	83
 Osteogenesis	36
 Protein phosphatase	132
Autism spectrum disorder	4
 Leber congenital amaurosis	21
 Pyrimidine biosynthesis	7
 Bacteriolytic enzyme	1
 Xylose metabolism
	2
 Waardenburg syndrome	1
 Long QT syndrome	13
 LIM domain	71
Catecholamine biosynthesis	1
 Monooxygenase	83
 Inflammasome	1
 tRNA-binding
	19
 Redox-active center	49
 Growth regulation	57
 Glycosyltransferase	232
 Mitochondrion inner membrane	262
 Peroxisome biogenesis	10
 Immunoglobulin V region	125
 NADP	184
 Glucose metabolism	20
 Repressor	579
 Gout	2
 Phagocytosis	16
 Actin-binding	192
 Glycerol metabolism	8
 Myristate	179
 Threonine protease
	9
 Autophagy	111
 Serine esterase	16
 Viral penetration into host nucleus	2
 DNA condensation	14
 PQQ	1
 Spermidine biosynthesis	3
 Mucopolysaccharidosis	12
 Sushi
	30
 cAMP	21
 Tumor suppressor	69
 Bartter syndrome	4
Alport syndrome	5
 Peroxisome biogenesis disorder	15
 Bile acid catabolism	2
 Stress response
	37
 Cockayne syndrome	6
 Zinc
	424
 Glaucoma	10
 Ubl conjugation pathway
	368
 Intrahepatic cholestasis	9
 Limb-girdle muscular dystrophy	28
 Nucleotidyltransferase	83
 Lipid droplet	31
 Pyruvate	9
 Myosin	50
 Gluconate utilization	1
 Gluconeogenesis	11
 Transmembrane helix	1543
 Thiol protease
	17
 Selenocysteine
	7
Amidation	18
 Sodium channel	29
 Queuosine biosynthesis	2
 Aminopeptidase	22
 TPQ	2
 Transcription
	28
 Methotrexate resistance	1
 Laminin EGF-like domain	30
 Manganese	191
 Blood group antigen	23
 Electron transport	108
 Elongation factor	17
Cleavage on pair of basic residues	40
 VLDL
	11
 Terminal addition	1
 Phospholipid biosynthesis	45
 Cilium	200
 IgG-binding protein	9
 Cytoplasmic vesicle	452
 ATP-binding	653
 DNA damage	335
 Chromosome partition	41
 Cone-rod dystrophy	23
 Acute phase	12
 Oxygen transport	12
 Congenital hypothyroidism	13
 Behavior	8
 Isopeptide bond	858
 Microsome	126
Brugada syndrome	1
 Branched-chain amino acid catabolism	4
 Primary hypomagnesemia	6
 Cobalt transport	3
 Glycosidase	79
 Spinocerebellar ataxia
	5
 Wnt signaling pathway
	160
 4Fe-4S	8
 Aminotransferase	19
 Hydroxylation	94
 Li-Fraumeni syndrome	3
Anion exchange	1
 SH3 domain	110
 Anion exchange	11
 Arginine biosynthesis	3
 Integrin	27
 Atherosclerosis	8
 Peroxidase	25
 Amidation	26
 Gonadal differentiation	8
 Repeat	3966
 Myofibrillar myopathy	7
Aminotransferase	2
 Urea cycle
	7
 Senior-Loken syndrome
	2
 Viral RNA replication
	2
 Metalloenzyme inhibitor	11
 Phosphoprotein	7422
 mRNA transport	1
Coated pit	1
 Allergen	3
 Tumor antigen	14
 Adaptive immunity	76
 cGMP	9
 Eye lens protein	17
 Signalosome
	8
 Parkinson disease	16
 Porin	5
 cAMP-binding	1
 Gaucher disease	2
 Endocytosis	119
 Nephronophthisis	19
 Pheromone response	6
 Xeroderma pigmentosum	1
 Mitochondrion outer membrane	101
 Carbohydrate metabolism	70
 Ribosomal protein
	92
 Aminoacyl-tRNA synthetase	38
 Dystonia	29
 Ubl conjugation
	886
 Growth factor binding	18
 Albinism	1
 Initiation factor	48
 Alternative promoter usage	67
Aspartyl protease	7
 Transmembrane beta strand	5
 Centromere	117
 Translation regulation	43
 Neurotransmitter biosynthesis	5
 Dejerine-Sottas syndrome	5
 Glutathionylation	6
 Rhizomelic chondrodysplasia punctata	3
 Congenital myasthenic syndrome	18
ATP synthesis	15
 Unfolded protein response
	33
 Autoimmune encephalomyelitis	1
 SH2 domain	71
Actin-binding	76
 NAD	176
 Prenyltransferase	7
 Vitamin D
	5
Antibiotic	34
 Spliceosome	125
 Lacrimo-auriculo-dento-digital syndrome	3
 Xeroderma pigmentosum
	8
 Immunoglobulin domain	621
 Dynein	33
 Serine biosynthesis
	2
 Pseudohermaphroditism	7
 Cushing syndrome	7
 Signalosome	2
 Cystinuria	2
 Proline metabolism	3
 Cyclin	33
Cell shape	2
 Proteomics identification	102
 Heme biosynthesis	14
 Alternative splicing	5184
 Heme	123
Antiviral protein	1
 Hirschsprung disease	10
 Bence-Jones protein	11
 SCID	14
 Schiff base	6
 Meiosis	78
 Chloride channel	50
 Sexual differentiation	8
 Thick filament	4
 Hemoglobin-binding	2
 Chromatin regulator	272
 Transcription termination	4
Alzheimer disease	3
Chromophore	2
 DNA-directed RNA polymerase	38
 Transcription termination
	1
 Transposable element	29
 Nonsense-mediated mRNA decay	29
 Ligase	375
 Sulfation	26
 Sialic acid	20
 Short QT syndrome	3
 Williams-Beuren syndrome	4
 GPI-anchor	134
 Neuropeptide	24
 Lactation	4
 Alport syndrome	2
 Motor protein	133
 DNA integration	9
 Retinitis pigmentosa
	6
 Gaseous exchange	5
ANK repeat	195
 Fungicide	12
 Thiol protease	126
 Kallmann syndrome	18
 Pyridoxal phosphate	61
Chemotaxis	9
 Zinc-finger	50
 Helicase	143
 Metal-thiolate cluster	14
 Diabetes mellitus	72
 Nucleosome core	52
 Sarcoplasmic reticulum
	7
Cilium biogenesis/degradation	2
 Mitochondrion nucleoid	18
 Vasodilator
	1
 Stickler syndrome
	4
 Steroidogenesis	10
Charcot-Marie-Tooth disease	2
Allosteric enzyme	5
 Hybridoma	1
 Exosome	12
 Neurotransmitter degradation	7
 Hypotrichosis	21
 Elliptocytosis	8
Signal
	14
 Pontocerebellar hypoplasia	4
 Aicardi-Goutieres syndrome	6
 Catecholamine biosynthesis	4
 Cell adhesion	433
Cell junction	102
 Antiport	29
Annexin	3
 Hermansky-Pudlak syndrome	9
 Glycolysis	30
 Amino-acid biosynthesis	24
 Leukodystrophy	23
 ADP-ribosylation	37
 Cell projection	595
 Transcription regulation	1471
2Fe-2S	18
Cell adhesion	45
 Transport
	1428
 Phospholipid metabolism	48
 Microtubule	277
Chloride	1
 cAMP-binding
	13
 Luminescence	3
 Ubl conjugation	621
 Cadmium	8
 Sushi	26
 Transcription regulation
	819
 Magnesium	536
 Oxidoreductase	566
 Lactose biosynthesis	1
 Ubl conjugation pathway	291
 Iron storage	6
 Flavoprotein	121
 Gap junction	29
Amino-acid transport	19
Amyloid	7
 Amyotrophic lateral sclerosis	25
 Endonuclease	76
 rRNA processing	5
 Schizophrenia	8
 Vasoactive	7
 Zinc	1926
 Signal-anchor	448
 Kringle	18
 rRNA-binding
	24
 Thyroid hormones biosynthesis
	1
 Iron-sulfur	61
 Fucose metabolism	3
 Purine metabolism	3
 Cleavage on pair of basic residues	245
Antioxidant	1
 Amyloid	22
 DNA replication	93
 Activator	372
 Congenital muscular dystrophy	19
 Thiamine pyrophosphate
	1
 Protein biosynthesis	129
Carboxypeptidase	6
 Nucleotide metabolism	26
 Leber hereditary optic neuropathy	10
Chromosome partition	1
 DNA synthesis	12
 LDL	9
 Antiviral defense	83
 Bromodomain	39
 Chitin degradation	2
 Ribosome biogenesis
	19
 S-adenosyl-L-methionine
	4
 Selenocysteine	19
Chondrogenesis	2
 Hyaluronic acid	10
 Threonine protease	11
 Purine salvage	4
 Mast cell degranulation	3
 rRNA processing
	78
 Cardiomyopathy	70
 Cyclosporin	7
 Cholesterol metabolism	53
 Signal recognition particle	1
 Glyoxylate bypass	2
 Sensory transduction
	2
 Peters anomaly	5
 Chylomicron	8
 Secreted	1798
 Serine protease homolog	11
 Ligand-gated ion channel	79
Alternative splicing	5289
 Methyltransferase	183
 Corneal dystrophy	16
 Angiogenesis	99
 Histidine metabolism	4
 Systemic lupus erythematosus	16
 Thioether bond
	1
 SH3-binding	34
Aminopeptidase	5
Acetylation	1453
 Transmembrane beta strand
	4
 Translation regulation
	58
 Basement membrane	33
Calcium	167
 Pyridine nucleotide biosynthesis	12
 Signal recognition particle
	5
 Hydrogen peroxide	9
Cardiomyopathy	8
 Repressor
	3
Angiogenesis	21
 Branched-chain amino acid biosynthesis	2
 Inositol biosynthesis	1
 Vasoactive
	5
Aromatic hydrocarbons catabolism	1
 Extracellular matrix	257
 Protease inhibitor	122
 Tight junction
	30
 Metalloprotease	153
 Nucleotide biosynthesis	8
 Cysteine biosynthesis	2
 Pyridoxine biosynthesis	1
 Autism spectrum disorder	31
Catecholamine metabolism	1
 GTP-binding	344
 Translocation	81
 Direct protein sequencing	2876
 Kelch repeat	71
 Dioxygenase	81
 Actin capping	15
 Thrombophilia
	2
Ciliopathy	3
 RNA editing	21
 Pregnancy	3
 Congenital disorder of glycosylation	40
 FAD	109
 Exonuclease	49
 Carnitine biosynthesis	2
 Iodination	1
 Tricarboxylic acid cycle
	19
 Lipid biosynthesis	156
 Vision
	87
 Endorphin	3
 Histidine biosynthesis	2
 Acetylation	1922
 Serine protease
	8
 Tricarboxylic acid cycle	5
Allergen	1
 Voltage-gated channel
	142
 Septation
	1
 Coenzyme A biosynthesis	6
 Protease	520
 Palmoplantar keratoderma	31
 Ubiquinone
	15
 Cytoplasm	4653
 Ubiquinone biosynthesis
	11
 Transit peptide
	354
 Leigh syndrome	19
 TPQ
	6
 Ehlers-Danlos syndrome	14
Blood coagulation	2
 Melatonin biosynthesis	2
 Alternative initiation	82
 SH3-binding
	29
 Glycogen storage disease	21
 Kinetochore	89
 von Willebrand disease
	2
 HDL	17
 Cell division	358
 Pyrrolidone carboxylic acid	108
 Metalloprotease inhibitor	10
 Excision nuclease	1
Basement membrane	8
 Potassium transport	116
 Cytolysis	14
 IgA-binding protein	1
 Protein synthesis inhibitor	7
 Surface film
	5
 Collagen degradation	18
Chromosome	20
Alternative initiation	19
 Citrullination	62
 Steroid biosynthesis
	6
 Ichthyosis	40
 Oxidation	25
 Hormone	90
 Atrial fibrillation	10
 Desmin-related myopathy	2
 WD repeat	48
 Tissue remodeling	3
 Hypotensive agent	2
 Immunoglobulin C region	16
 Nickel	2
 Joubert syndrome	25
 Tyrosine-protein kinase
	66
 Sugar transport	39
 MHC I	9
 Tyrosine-protein kinase	46
Apoptosis	71
 Knottin	2
 CF(0)	11
 Hyperlipidemia	4
 Chemotaxis	84
Cell cycle	54
 Calcium/phospholipid-binding	15
 RNA-binding	642
 Gastrulation	7
 Amyloidosis	28
 Vasoconstrictor
	4
Biotin	1
 Congenital adrenal hyperplasia	6
 Palmitate	295
 cGMP biosynthesis
	9
 Sulfate transport	1
 mRNA processing
	57
 Myogenesis	39
 Multifunctional enzyme	84
 Photoprotein	3
 Blood coagulation	45
Complete proteome	4666
 Nuclease	124
 Retinal protein	9
 Triplet repeat expansion
	12
 Sterol biosynthesis	25
 Transferase
	622
 Defensin	39
 Lyase	141
Bartter syndrome	1
 Peroxisome	95
 Sterol metabolism
	13
 Amelogenesis imperfecta	9
 SCID
	4
 Chromophore	11
 cAMP
	12
 Disease mutation	2415
 Monoclonal antibody	2
 Zellweger syndrome
	9
 Rotamase
	15
 Erythrocyte maturation	5
 Sphingolipid metabolism	18
 Familial hemophagocytic lymphohistiocytosis	3
 Telomere	23
 Ribosome biogenesis	45
 mRNA processing	261
 Glycogen metabolism	25
 Virion
	12
Centromere	6
 Phenylketonuria	4
 Host-virus interaction	380
Actin capping	4
 Transposable element
	7
 Inflammatory response	141
 Translational shunt
	1
 Steroid-binding	14
 Obesity	54
 Hydrogen ion transport	48
 WD repeat
	233
Adaptive immunity	32
 Phenylalanine catabolism	6
 Glycoprotein	4516
 Prostaglandin metabolism	11
 Paired box	9
 Lipid degradation	100
 Aortic aneurysm	11
 Thyroid hormones biosynthesis	6
 Cell membrane	2078
 Olfaction	434
 GPI-anchor biosynthesis	25
 Retinol-binding	9
 Intermediate filament	75
 Melanin biosynthesis	7
Carbohydrate metabolism	21
Albinism	16
 Neurodegeneration	263
Antiport	9
 Purine biosynthesis	13
 Asperger syndrome	2
 Dystroglycanopathy	17
 Menaquinone biosynthesis	1
 Chloride	69
 Stress response	49
 Coated pit	48
 Signal transduction inhibitor	26
 Membrane	7009
 Osteopetrosis	10
 Tumor suppressor
	105
Cell projection	45
Autism	2
 Aspartic protease inhibitor	1
 Glycogen biosynthesis	8
 Potassium	128
 Zinc-finger
	1755
 Polyamine biosynthesis	9
 Sarcoplasmic reticulum	32
 B-cell activation	10
 Steroidogenesis
	2
 Biomineralization	23
 Metal-binding	3595
 Chitin-binding	4
Autocatalytic cleavage	8
 Homeobox	251
 Catecholamine metabolism	7
Amino-acid biosynthesis	1
 Fatty acid biosynthesis	52
 SH3 domain
	106
 Signal transduction inhibitor
	17
 DNA-directed DNA polymerase	24
 Sodium/potassium transport	8
Aicardi-Goutieres syndrome	1
 Protein transport	597
 RNA-directed RNA polymerase	1
 Serotonin biosynthesis
	2
 Cataract	61
 Vacuole	1
 Topoisomerase	5
 Osteogenesis imperfecta	20
 GMP biosynthesis	3
 Collagen	74
 Zellweger syndrome	3
 Bardet-Biedl syndrome	21
 TPR repeat
	95
 Heparan sulfate	16
 Hypusine biosynthesis	2
 Telomere
	13
 Calcium channel	65
 Transmembrane helix
	3610
 Ribosomal protein	84
 Lipoyl	5
 Spermatogenesis	103
 Schiff base
	5
 Prenylation	167
 Potassium channel	74
 ERV	35
 Transmembrane
	7
 Vasoconstrictor	1
 Phosphopantetheine	5
 Transcription	2327
 Kinase	639
 Ciliopathy	115
Autophagy	14
 Host cell receptor for virus entry	63
 Meckel syndrome	13
 Charcot-Marie-Tooth disease	41
 Gamma-carboxyglutamic acid	16
 ER-Golgi transport	93
 Bait region	4
 tRNA processing	7
Asthma	1
 Nitration	45
 Mutator protein	3
 Apoptosis	457
 Virus entry into host cell
	2
CF(0)	2
 Iron transport	23
 Usher syndrome
	8
 Leucine-rich repeat	312
Antimicrobial	2
 Congenital generalized lipodystrophy	6
 Sterol metabolism	53
 Nucleus	5075
 Prostaglandin biosynthesis	10
 Oogenesis	13
 Protein kinase inhibitor	14
 GTPase activation	185
 Isoprene biosynthesis	8
Acyltransferase	89
Antiviral defense	23
 MHC II	17
 Neurotransmitter transport	37
 Chaperone	166
 Serine biosynthesis	1
 Notch signaling pathway	49
 Parkinsonism	31
 Methionine biosynthesis	8
 Iron	320
 Hereditary multiple exostoses	2
 cAMP biosynthesis
	10
 Nucleotide-binding	1776
 Hearing	37
 Triplet repeat expansion	17
 Antibiotic	43
 Lysosome	249
 Waardenburg syndrome
	6
 Deafness	191
 Respiratory chain	63
Cadmium	1
 Hereditary nonpolyposis colorectal cancer	8
 One-carbon metabolism	17
 Lissencephaly	21
 Virus entry into host cell	1
 Receptor	1494
 3Fe-4S	1
 G-protein coupled receptor	827
 Cytoskeleton	1086
 Diabetes insipidus	4
 Phospholipid degradation	1
 Chromosome	317
 Carboxypeptidase	28
Acute phase	7
 Growth factor	131
 Mannose-binding	7
 Annexin	12
 Endoplasmic reticulum	1025
Cell membrane	885
 S-nitrosylation	43
 Chondrogenesis	14
 IgE-binding protein	5
 Transferase	924
 Antimicrobial	86
 RNA-directed DNA polymerase	12
 Vitamin C
	18
Age-related macular degeneration	6
 Serine esterase
	11
 Primary ciliary dyskinesia	30
 Spermatogenesis
	72
 Lipid-binding	204
 Hereditary spastic paraplegia	42
 mRNA transport
	96
 Mineral balance	4
 Lipoprotein	768
 Keratin	150
 Porphyrin biosynthesis	8
 Hereditary hemolytic anemia	30
 Acyltransferase	78
 Symport	113
 Primosome	2
 Epidermolysis bullosa	15
 Steroid biosynthesis	29
 Cytokine	187
 Methylation	364
 Calcium transport	97
 Holoprosencephaly	8
 Vacuole
	7
 Flagellum	25
 CBS domain	18
 Thrombophilia	8
ADP-ribosylation	23
 Transducer	837
 Copper transport	8
 Lectin	164
 Progressive external ophthalmoplegia	9
 Sodium transport	117
Cholesterol metabolism	3
 Ribonucleoprotein
	9
 Copper	65
 Heterotaxy	7
Calmodulin-binding	9
 Lipid metabolism	422
CBS domain	1
 Taste	33
 Leukotriene biosynthesis	6
 Usher syndrome	4
 Williams-Beuren syndrome
	25
 Aromatic hydrocarbons catabolism	1
 Keratinization	39
 Pentose shunt	3
 Kartagener syndrome	3
 Transit peptide	180
 Asparagine biosynthesis	2
 Asthma	10
 Thioester bond
	7
Amyotrophic lateral sclerosis	3
Collagen	11
 Selenium	5
 Transmembrane	5167
 Tetrahydrobiopterin biosynthesis	3
 Vitamin C	2
 Reference proteome
	4900
 Steroid metabolism
	5
 Synaptosome
	14
Chylomicron	1
 Autocatalytic cleavage	41
 Fertilization	24
 Nuclear pore complex	47
Autoimmune uveitis	1
 Cytoplasmic inwards viral transport	1
 Cell cycle	565
 Fibrinolysis	8
Cholesterol biosynthesis	1
 Stargardt disease	4
 MELAS syndrome	5
 Milk protein	4
 Cobalamin	5
 Galactose metabolism	3
 Congenital stationary night blindness	12
 Calmodulin-binding	140
 Neuropathy	79
 Lipid transport	94
 Metachromatic leukodystrophy	4
Atrial fibrillation	3
 Signal	1979
 DNA excision	1
 Synapse	267
Bardet-Biedl syndrome	2
 Nemaline myopathy	10
 Alzheimer disease	13
 Mental retardation	265
 Stickler syndrome	1
 Polysaccharide degradation	2
Amelogenesis imperfecta	6
 Complete proteome	16159
 Proteoglycan	48
 CF(1)	6
 Digestion	10
 Hemolytic uremic syndrome	8
Chromatin regulator	11
 Differentiation	633
 Serine protease inhibitor	72
 Chromosomal rearrangement	292
 Pyropoikilocytosis	2
 Repeat
	925
 Proline biosynthesis	4
 RNA repair	2
 Glycation	11
 Tetrahydrobiopterin biosynthesis
	2
 DNA recombination	80
 Mitochondrion	1099
 Autism	20
 Muscle protein	62
 Pharmaceutical	45
 3D-structure	10
Alternative promoter usage	21
 Neurogenesis	240
Bait region	2
Chromosomal rearrangement	25
Citrullination	3
 Membrane attack complex	7
 Peptide transport	8
 Complement activation lectin pathway	4
 Steroid-binding
	2
 Neurotransmitter	4
 Hydrolase	1629
 Signal
	1635
 S-adenosyl-L-methionine	169

	28
 Arginine metabolism	2
 Molybdenum	6
 tRNA processing
	74
 Dipeptidase	8
 Plasminogen activation	5
 Fanconi anemia	19
 Putrescine biosynthesis	1
 Developmental protein	934
 Systemic lupus erythematosus
	5
 LTQ	5
 Aspartyl protease	7
 Serine protease inhibitor
	12
 Mitogen	40
 Decarboxylase	21
 Synapse
	73
 Age-related macular degeneration	8
B-cell activation	1
Atrial septal defect	1
 Tyrosine catabolism
	5
 Molybdenum cofactor biosynthesis	6
 Primary microcephaly	18
 Microphthalmia	26
 Proto-oncogene	235
 Vision	24
4Fe-4S	29
 Maple syrup urine disease	3
 Craniosynostosis	21
 Microtubular inwards viral transport	1
 Congenital erythrocytosis	4
 Unfolded protein response	3
 Cobalt	17
 Amino-acid transport	21
 Phosphate transport	3
 EGF-like domain	234
 Premature ovarian failure	12
 Folate-binding	8
 Phospholipase A2 inhibitor	3
 Transport	519
Cataract	11
 Biological rhythms	112
 Thiol protease inhibitor
	19
 Sodium	119
 Congenital dyserythropoietic anemia	6
 Brugada syndrome	9
 Secreted
	69
 mRNA splicing
	223
3D-structure	5574
 mRNA capping	7
 Glutaricaciduria	5
 Zymogen
	214
 Cell shape	23
 Cholesterol biosynthesis	18
 Spinocerebellar ataxia	25
 Non-syndromic deafness	83
 Neuronal ceroid lipofuscinosis	13
 Opioid peptide	3
 Postsynaptic cell membrane	170
 Glutamine amidotransferase	9
 Isomerase	118
 TPR repeat	71
 Retinitis pigmentosa	73
Behavior	1
 Viral envelope protein	12
 SH2 domain
	37
Activator	276
 Pyrogen	2
 Allosteric enzyme	43
 DNA-binding	1998
 Polymorphism	11921
 Hypusine	3
 Photoreceptor protein	11
 S-nitrosylation
	13
 Coiled coil	1802
 Diamond-Blackfan anemia	14
 Complement alternate pathway	12
 Prion	3
 Detoxification	5
 Wnt signaling pathway	21
 Ion transport	625
 Mucolipidosis	3
 Guanine-nucleotide releasing factor	144
 Epilepsy	114
 Calcium	689
Coiled coil	394
 Ribosomal frameshifting	11
 Endosome	452
 Cilium biogenesis/degradation	134
Blood group antigen	8
 Glutathione biosynthesis	8
 Antioxidant	13
 Ammonia transport	3
ATP-binding	730
 Ribosomal frameshifting
	3
 Tight junction	55
 Voltage-gated channel	8
 Oncogene	10
 Fatty acid metabolism	124
 Synaptosome	41
Complement pathway	1
 mRNA splicing	29
 Chronic granulomatous disease	5
 Hemophilia	2
 Zinc transport
	24
 Steroid metabolism	79
 Thiamine pyrophosphate	11
 Reference proteome	15925
 Sphingolipid metabolism
	7
 Dyskeratosis congenita	10
 Ion channel	346
 Dwarfism	121
 Thiol protease inhibitor	7
 Immunity	414
